[2026-05-23 03:36:40] Parallel H200 run starting. run_label=parallel_h200_20260523_033640 logs=logs/parallel_h200_20260523_033640
[2026-05-23 03:36:40] Shard A offset=0 limit=50 on GPU 0
[2026-05-23 03:36:40] Shard B offset=50 limit=50 on GPU 3
[2026-05-23 03:36:40] Prompt-only oracle prompts on GPU 1
[2026-05-23 03:36:40] Oracle target control once on GPU 2
[2026-05-23 03:36:40] Full deterministic oracle preset: rollout_post_prompt_oracle
[2026-05-23 03:36:40] Oracle prompt paths: prompts/oracle_prompts/default_oracle_prompts.json,prompts/oracle_prompts/model_answer_min_200_words.json
[2026-05-23 03:36:40] Deterministic work queue: shard=A prompt_index=0 path=prompts/oracle_prompts/default_oracle_prompts.json
[2026-05-23 03:36:40] Deterministic work queue: shard=B prompt_index=0 path=prompts/oracle_prompts/default_oracle_prompts.json
[2026-05-23 03:36:40] Deterministic work queue: shard=A prompt_index=1 path=prompts/oracle_prompts/model_answer_min_200_words.json
[2026-05-23 03:36:40] Deterministic work queue: shard=B prompt_index=1 path=prompts/oracle_prompts/model_answer_min_200_words.json
[2026-05-23 03:36:40] Starting GPU 0 attempt: ./run_oracle_experiment.sh --preset target_judging_only --target-prompt-offset 0 --target-prompt-limit 50 --num-rollouts 50 --target-judge-batch-size 64 --judge-instruction-path strongReject_v5.jinja2 --judge-thinking off --wandb on --wandb-run-name parallel_h200_20260523_033640__gpu0_target_judging_shard_A --set WANDB_GROUP=parallel_h200_20260523_033640 --set WANDB_JOB_TYPE=gpu0_target_judging_shard_A 
[2026-05-23 03:36:40] Starting GPU 3 attempt: ./run_oracle_experiment.sh --preset target_judging_only --target-prompt-offset 50 --target-prompt-limit 50 --num-rollouts 50 --target-judge-batch-size 64 --judge-instruction-path strongReject_v5.jinja2 --judge-thinking off --wandb on --wandb-run-name parallel_h200_20260523_033640__gpu3_target_judging_shard_B --set WANDB_GROUP=parallel_h200_20260523_033640 --set WANDB_JOB_TYPE=gpu3_target_judging_shard_B 
[2026-05-23 03:36:40] Starting GPU 2 attempt: ./run_oracle_experiment.sh --preset oracle_target_control --target-prompt-offset 0 --target-prompt-limit 100 --num-rollouts 50 --target-judge-batch-size 64 --target-thinking off --judge-instruction-path strongReject_v5.jinja2 --judge-thinking off --wandb on --wandb-run-name parallel_h200_20260523_033640__gpu2_oracle_target_control --set WANDB_GROUP=parallel_h200_20260523_033640 --set WANDB_JOB_TYPE=gpu2_oracle_target_control 
[2026-05-23 03:36:40] Starting GPU 1 attempt: ./run_oracle_experiment.sh --preset prompt_only_oracle --target-prompt-offset 0 --target-prompt-limit 100 --num-oracle-rollouts 50 --oracle-prompts-path prompts/oracle_prompts/default_oracle_prompts.json --oracle-eval-batch-size 128 --oracle-judge-batch-size 64 --judge-instruction-path strongReject_v5.jinja2 --judge-thinking off --wandb on --wandb-run-name parallel_h200_20260523_033640__gpu1_prompt_only_prompt_0 --set WANDB_GROUP=parallel_h200_20260523_033640 --set WANDB_JOB_TYPE=gpu1_prompt_only_prompt_0 
[2026-05-23 03:36:40] Attempt log: logs/parallel_h200_20260523_033640/gpu3_target_judging_shard_B_attempt-1_target-judge-batch-64.log
[2026-05-23 03:36:40] Attempt log: logs/parallel_h200_20260523_033640/gpu1_prompt_only_prompt_0_attempt-1_oracle-eval-128_oracle-judge-64.log
[2026-05-23 03:36:40] Attempt log: logs/parallel_h200_20260523_033640/gpu0_target_judging_shard_A_attempt-1_target-judge-batch-64.log
[2026-05-23 03:36:40] Attempt log: logs/parallel_h200_20260523_033640/gpu2_oracle_target_control_attempt-1_target-judge-batch-64.log
[2026-05-23 03:37:36] Finished GPU 2 attempt successfully: gpu2_oracle_target_control_attempt-1_target-judge-batch-64.log
[2026-05-23 03:37:36] Waiting for target shard B: logs/parallel_h200_20260523_033640/shard_B_target_ready
[2026-05-23 03:37:37] Finished GPU 1 attempt successfully: gpu1_prompt_only_prompt_0_attempt-1_oracle-eval-128_oracle-judge-64.log
[2026-05-23 03:37:37] Starting GPU 1 attempt: ./run_oracle_experiment.sh --preset prompt_only_oracle --target-prompt-offset 0 --target-prompt-limit 100 --num-oracle-rollouts 50 --oracle-prompts-path prompts/oracle_prompts/model_answer_min_200_words.json --oracle-eval-batch-size 128 --oracle-judge-batch-size 64 --judge-instruction-path strongReject_v5.jinja2 --judge-thinking off --wandb on --wandb-run-name parallel_h200_20260523_033640__gpu1_prompt_only_prompt_1 --set WANDB_GROUP=parallel_h200_20260523_033640 --set WANDB_JOB_TYPE=gpu1_prompt_only_prompt_1 
[2026-05-23 03:37:37] Attempt log: logs/parallel_h200_20260523_033640/gpu1_prompt_only_prompt_1_attempt-1_oracle-eval-128_oracle-judge-64.log
[2026-05-23 03:37:37] Finished GPU 3 attempt successfully: gpu3_target_judging_shard_B_attempt-1_target-judge-batch-64.log
[2026-05-23 03:37:37] Starting GPU 3 attempt: ./run_oracle_experiment.sh --preset rollout_post_prompt_oracle --target-prompt-offset 50 --target-prompt-limit 50 --num-rollouts 50 --oracle-prompts-path prompts/oracle_prompts/default_oracle_prompts.json --oracle-eval-batch-size 128 --oracle-judge-batch-size 64 --judge-instruction-path strongReject_v5.jinja2 --judge-thinking off --wandb on --wandb-run-name parallel_h200_20260523_033640__gpu3_full_deterministic_shard_B_prompt_0 --set WANDB_GROUP=parallel_h200_20260523_033640 --set WANDB_JOB_TYPE=gpu3_full_deterministic_shard_B_prompt_0 
[2026-05-23 03:37:37] Attempt log: logs/parallel_h200_20260523_033640/gpu3_full_deterministic_shard_B_prompt_0_attempt-1_oracle-eval-128_oracle-judge-64.log
[2026-05-23 03:37:37] Finished GPU 0 attempt successfully: gpu0_target_judging_shard_A_attempt-1_target-judge-batch-64.log
[2026-05-23 03:37:37] Starting GPU 0 attempt: ./run_oracle_experiment.sh --preset rollout_post_prompt_oracle --target-prompt-offset 0 --target-prompt-limit 50 --num-rollouts 50 --oracle-prompts-path prompts/oracle_prompts/default_oracle_prompts.json --oracle-eval-batch-size 128 --oracle-judge-batch-size 64 --judge-instruction-path strongReject_v5.jinja2 --judge-thinking off --wandb on --wandb-run-name parallel_h200_20260523_033640__gpu0_full_deterministic_shard_A_prompt_0 --set WANDB_GROUP=parallel_h200_20260523_033640 --set WANDB_JOB_TYPE=gpu0_full_deterministic_shard_A_prompt_0 
[2026-05-23 03:37:37] Attempt log: logs/parallel_h200_20260523_033640/gpu0_full_deterministic_shard_A_prompt_0_attempt-1_oracle-eval-128_oracle-judge-64.log
[2026-05-23 03:37:41] Starting GPU 2 attempt: ./run_oracle_experiment.sh --preset rollout_post_prompt_oracle --target-prompt-offset 50 --target-prompt-limit 50 --num-rollouts 50 --oracle-prompts-path prompts/oracle_prompts/model_answer_min_200_words.json --oracle-eval-batch-size 128 --oracle-judge-batch-size 64 --judge-instruction-path strongReject_v5.jinja2 --judge-thinking off --wandb on --wandb-run-name parallel_h200_20260523_033640__gpu2_full_deterministic_shard_B_prompt_1 --set WANDB_GROUP=parallel_h200_20260523_033640 --set WANDB_JOB_TYPE=gpu2_full_deterministic_shard_B_prompt_1 
[2026-05-23 03:37:41] Attempt log: logs/parallel_h200_20260523_033640/gpu2_full_deterministic_shard_B_prompt_1_attempt-1_oracle-eval-128_oracle-judge-64.log
[2026-05-23 03:38:04] Finished GPU 0 attempt successfully: gpu0_full_deterministic_shard_A_prompt_0_attempt-1_oracle-eval-128_oracle-judge-64.log
[2026-05-23 03:38:04] Sequence completed: target/default deterministic shard A
[2026-05-23 03:48:26] Finished GPU 3 attempt successfully: gpu3_full_deterministic_shard_B_prompt_0_attempt-1_oracle-eval-128_oracle-judge-64.log
[2026-05-23 03:48:26] Sequence completed: target/default deterministic shard B
[2026-05-23 03:50:44] GPU 1 attempt failed with exit code 130: gpu1_prompt_only_prompt_1_attempt-1_oracle-eval-128_oracle-judge-64.log
[2026-05-23 03:50:44] GPU 2 attempt failed with exit code 130: gpu2_full_deterministic_shard_B_prompt_1_attempt-1_oracle-eval-128_oracle-judge-64.log
