[2026-05-22 21:01:18] Parallel H200 run starting. run_label=parallel_h200_20260522_210118 logs=logs/parallel_h200_20260522_210118
[2026-05-22 21:01:18] Parallel H200 run starting. run_label=parallel_h200_20260522_210118 logs=logs/parallel_h200_20260522_210118
[2026-05-22 21:01:18] GPU pool: 0 1 2 3
[2026-05-22 21:01:18] GPU pool: 0
[2026-05-22 21:01:18] Target shard A offset=0 limit=1
[2026-05-22 21:01:18] Target shard A offset=0 limit=50
[2026-05-22 21:01:18] Target shard B offset=1 limit=1
[2026-05-22 21:01:18] Target shard B offset=50 limit=50
[2026-05-22 21:01:18] Parallel H200 run starting. run_label=parallel_h200_20260522_210118 logs=logs/parallel_h200_20260522_210118
[2026-05-22 21:01:18] Full deterministic oracle preset: rollout_post_prompt_oracle
[2026-05-22 21:01:18] Full deterministic oracle preset: rollout_post_prompt_oracle
[2026-05-22 21:01:18] GPU pool: 0 1
[2026-05-22 21:01:18] Oracle prompt paths: prompts/oracle_prompts/default_oracle_prompts.json,prompts/oracle_prompts/model_answer_min_200_words.json
[2026-05-22 21:01:18] Oracle prompt paths: prompts/oracle_prompts/default_oracle_prompts.json,prompts/oracle_prompts/model_answer_min_200_words.json
[2026-05-22 21:01:18] Target shard A offset=0 limit=1
[2026-05-22 21:01:18] Job table:
[2026-05-22 21:01:18] Job table:
[2026-05-22 21:01:18] Target shard B offset=1 limit=1
[2026-05-22 21:01:18]   job=target_shard_A type=target preset=target_judging_only offset=0 limit=50 oracle_prompts_path=none depends_on=none ladder=target_judge
[2026-05-22 21:01:18]   job=target_shard_A type=target preset=target_judging_only offset=0 limit=1 oracle_prompts_path=none depends_on=none ladder=target_judge
[2026-05-22 21:01:18] Full deterministic oracle preset: rollout_post_prompt_oracle
[2026-05-22 21:01:18]   job=target_shard_B type=target preset=target_judging_only offset=50 limit=50 oracle_prompts_path=none depends_on=none ladder=target_judge
[2026-05-22 21:01:18] Oracle prompt paths: prompts/oracle_prompts/default_oracle_prompts.json,prompts/oracle_prompts/model_answer_min_200_words.json
[2026-05-22 21:01:18]   job=target_shard_B type=target preset=target_judging_only offset=1 limit=1 oracle_prompts_path=none depends_on=none ladder=target_judge
[2026-05-22 21:01:18] Job table:
[2026-05-22 21:01:18]   job=prompt_only_prompt_0 type=prompt_only preset=prompt_only_oracle offset=0 limit=2 oracle_prompts_path=prompts/oracle_prompts/default_oracle_prompts.json depends_on=none ladder=oracle_eval_judge
[2026-05-22 21:01:18]   job=prompt_only_prompt_0 type=prompt_only preset=prompt_only_oracle offset=0 limit=100 oracle_prompts_path=prompts/oracle_prompts/default_oracle_prompts.json depends_on=none ladder=oracle_eval_judge
[2026-05-22 21:01:18]   job=oracle_target_control type=target_control preset=oracle_target_control offset=0 limit=100 oracle_prompts_path=none depends_on=none ladder=target_judge
[2026-05-22 21:01:18]   job=target_shard_A type=target preset=target_judging_only offset=0 limit=1 oracle_prompts_path=none depends_on=none ladder=target_judge
[2026-05-22 21:01:18]   job=oracle_target_control type=target_control preset=oracle_target_control offset=0 limit=2 oracle_prompts_path=none depends_on=none ladder=target_judge
[2026-05-22 21:01:18]   job=prompt_only_prompt_1 type=prompt_only preset=prompt_only_oracle offset=0 limit=100 oracle_prompts_path=prompts/oracle_prompts/model_answer_min_200_words.json depends_on=none ladder=oracle_eval_judge
[2026-05-22 21:01:18]   job=target_shard_B type=target preset=target_judging_only offset=1 limit=1 oracle_prompts_path=none depends_on=none ladder=target_judge
[2026-05-22 21:01:18]   job=prompt_only_prompt_1 type=prompt_only preset=prompt_only_oracle offset=0 limit=2 oracle_prompts_path=prompts/oracle_prompts/model_answer_min_200_words.json depends_on=none ladder=oracle_eval_judge
[2026-05-22 21:01:18]   job=deterministic_shard_A_prompt_0 type=deterministic preset=rollout_post_prompt_oracle offset=0 limit=50 oracle_prompts_path=prompts/oracle_prompts/default_oracle_prompts.json depends_on=target_shard_A ladder=oracle_eval_judge
[2026-05-22 21:01:18]   job=prompt_only_prompt_0 type=prompt_only preset=prompt_only_oracle offset=0 limit=2 oracle_prompts_path=prompts/oracle_prompts/default_oracle_prompts.json depends_on=none ladder=oracle_eval_judge
[2026-05-22 21:01:18]   job=deterministic_shard_A_prompt_0 type=deterministic preset=rollout_post_prompt_oracle offset=0 limit=1 oracle_prompts_path=prompts/oracle_prompts/default_oracle_prompts.json depends_on=target_shard_A ladder=oracle_eval_judge
[2026-05-22 21:01:18]   job=deterministic_shard_B_prompt_0 type=deterministic preset=rollout_post_prompt_oracle offset=50 limit=50 oracle_prompts_path=prompts/oracle_prompts/default_oracle_prompts.json depends_on=target_shard_B ladder=oracle_eval_judge
[2026-05-22 21:01:18]   job=oracle_target_control type=target_control preset=oracle_target_control offset=0 limit=2 oracle_prompts_path=none depends_on=none ladder=target_judge
[2026-05-22 21:01:18]   job=deterministic_shard_B_prompt_0 type=deterministic preset=rollout_post_prompt_oracle offset=1 limit=1 oracle_prompts_path=prompts/oracle_prompts/default_oracle_prompts.json depends_on=target_shard_B ladder=oracle_eval_judge
[2026-05-22 21:01:18]   job=prompt_only_prompt_1 type=prompt_only preset=prompt_only_oracle offset=0 limit=2 oracle_prompts_path=prompts/oracle_prompts/model_answer_min_200_words.json depends_on=none ladder=oracle_eval_judge
[2026-05-22 21:01:18]   job=deterministic_shard_A_prompt_1 type=deterministic preset=rollout_post_prompt_oracle offset=0 limit=50 oracle_prompts_path=prompts/oracle_prompts/model_answer_min_200_words.json depends_on=target_shard_A ladder=oracle_eval_judge
[2026-05-22 21:01:18]   job=deterministic_shard_A_prompt_1 type=deterministic preset=rollout_post_prompt_oracle offset=0 limit=1 oracle_prompts_path=prompts/oracle_prompts/model_answer_min_200_words.json depends_on=target_shard_A ladder=oracle_eval_judge
[2026-05-22 21:01:18]   job=deterministic_shard_B_prompt_1 type=deterministic preset=rollout_post_prompt_oracle offset=1 limit=1 oracle_prompts_path=prompts/oracle_prompts/model_answer_min_200_words.json depends_on=target_shard_B ladder=oracle_eval_judge
[2026-05-22 21:01:18]   job=deterministic_shard_B_prompt_1 type=deterministic preset=rollout_post_prompt_oracle offset=50 limit=50 oracle_prompts_path=prompts/oracle_prompts/model_answer_min_200_words.json depends_on=target_shard_B ladder=oracle_eval_judge
[2026-05-22 21:01:18]   job=deterministic_shard_A_prompt_0 type=deterministic preset=rollout_post_prompt_oracle offset=0 limit=1 oracle_prompts_path=prompts/oracle_prompts/default_oracle_prompts.json depends_on=target_shard_A ladder=oracle_eval_judge
[2026-05-22 21:01:18]   job=deterministic_shard_B_prompt_0 type=deterministic preset=rollout_post_prompt_oracle offset=1 limit=1 oracle_prompts_path=prompts/oracle_prompts/default_oracle_prompts.json depends_on=target_shard_B ladder=oracle_eval_judge
[2026-05-22 21:01:18] Launching job=target_shard_A gpu=0 type=target depends_on=none
[2026-05-22 21:01:18] Launching job=target_shard_A gpu=0 type=target depends_on=none
[2026-05-22 21:01:18]   job=deterministic_shard_A_prompt_1 type=deterministic preset=rollout_post_prompt_oracle offset=0 limit=1 oracle_prompts_path=prompts/oracle_prompts/model_answer_min_200_words.json depends_on=target_shard_A ladder=oracle_eval_judge
[2026-05-22 21:01:18] DRY_RUN GPU 0: CUDA_VISIBLE_DEVICES=0 ./run_oracle_experiment.sh --preset target_judging_only --target-prompt-offset 0 --target-prompt-limit 1 --num-rollouts 1 --target-judge-batch-size 64 --judge-instruction-path strongReject_v5.jinja2 --judge-thinking off --wandb on --wandb-run-name parallel_h200_20260522_210118__target_shard_A --set WANDB_GROUP=parallel_h200_20260522_210118 --set WANDB_JOB_TYPE=target_shard_A 
[2026-05-22 21:01:18] Launching job=target_shard_B gpu=1 type=target depends_on=none
[2026-05-22 21:01:18] DRY_RUN GPU 0: CUDA_VISIBLE_DEVICES=0 ./run_oracle_experiment.sh --preset target_judging_only --target-prompt-offset 0 --target-prompt-limit 50 --num-rollouts 50 --target-judge-batch-size 64 --judge-instruction-path strongReject_v5.jinja2 --judge-thinking off --wandb on --wandb-run-name parallel_h200_20260522_210118__target_shard_A --set WANDB_GROUP=parallel_h200_20260522_210118 --set WANDB_JOB_TYPE=target_shard_A 
[2026-05-22 21:01:18]   job=deterministic_shard_B_prompt_1 type=deterministic preset=rollout_post_prompt_oracle offset=1 limit=1 oracle_prompts_path=prompts/oracle_prompts/model_answer_min_200_words.json depends_on=target_shard_B ladder=oracle_eval_judge
[2026-05-22 21:01:18] DRY_RUN GPU 1: CUDA_VISIBLE_DEVICES=1 ./run_oracle_experiment.sh --preset target_judging_only --target-prompt-offset 50 --target-prompt-limit 50 --num-rollouts 50 --target-judge-batch-size 64 --judge-instruction-path strongReject_v5.jinja2 --judge-thinking off --wandb on --wandb-run-name parallel_h200_20260522_210118__target_shard_B --set WANDB_GROUP=parallel_h200_20260522_210118 --set WANDB_JOB_TYPE=target_shard_B 
[2026-05-22 21:01:18] Launching job=prompt_only_prompt_0 gpu=2 type=prompt_only depends_on=none
[2026-05-22 21:01:18] Launching job=target_shard_A gpu=0 type=target depends_on=none
[2026-05-22 21:01:18] DRY_RUN GPU 0: CUDA_VISIBLE_DEVICES=0 ./run_oracle_experiment.sh --preset target_judging_only --target-prompt-offset 0 --target-prompt-limit 1 --num-rollouts 1 --target-judge-batch-size 64 --judge-instruction-path strongReject_v5.jinja2 --judge-thinking off --wandb on --wandb-run-name parallel_h200_20260522_210118__target_shard_A --set WANDB_GROUP=parallel_h200_20260522_210118 --set WANDB_JOB_TYPE=target_shard_A 
[2026-05-22 21:01:18] Launching job=oracle_target_control gpu=3 type=target_control depends_on=none
[2026-05-22 21:01:18] DRY_RUN GPU 2: CUDA_VISIBLE_DEVICES=2 ./run_oracle_experiment.sh --preset prompt_only_oracle --target-prompt-offset 0 --target-prompt-limit 100 --num-oracle-rollouts 50 --oracle-prompts-path prompts/oracle_prompts/default_oracle_prompts.json --oracle-eval-batch-size 128 --oracle-judge-batch-size 64 --judge-instruction-path strongReject_v5.jinja2 --judge-thinking off --wandb on --wandb-run-name parallel_h200_20260522_210118__prompt_only_prompt_0 --set WANDB_GROUP=parallel_h200_20260522_210118 --set WANDB_JOB_TYPE=prompt_only_prompt_0 
[2026-05-22 21:01:18] Launching job=target_shard_B gpu=1 type=target depends_on=none
[2026-05-22 21:01:18] DRY_RUN GPU 1: CUDA_VISIBLE_DEVICES=1 ./run_oracle_experiment.sh --preset target_judging_only --target-prompt-offset 1 --target-prompt-limit 1 --num-rollouts 1 --target-judge-batch-size 64 --judge-instruction-path strongReject_v5.jinja2 --judge-thinking off --wandb on --wandb-run-name parallel_h200_20260522_210118__target_shard_B --set WANDB_GROUP=parallel_h200_20260522_210118 --set WANDB_JOB_TYPE=target_shard_B 
[2026-05-22 21:01:18] DRY_RUN GPU 3: CUDA_VISIBLE_DEVICES=3 ./run_oracle_experiment.sh --preset oracle_target_control --target-prompt-offset 0 --target-prompt-limit 100 --num-rollouts 50 --target-judge-batch-size 64 --target-thinking off --judge-instruction-path strongReject_v5.jinja2 --judge-thinking off --wandb on --wandb-run-name parallel_h200_20260522_210118__oracle_target_control --set WANDB_GROUP=parallel_h200_20260522_210118 --set WANDB_JOB_TYPE=oracle_target_control 
[2026-05-22 21:01:18] Job completed: target_shard_A gpu=0
[2026-05-22 21:01:18] Job completed: target_shard_A gpu=0
[2026-05-22 21:01:18] Job completed: target_shard_B gpu=1
[2026-05-22 21:01:18] Job completed: target_shard_B gpu=1
[2026-05-22 21:01:18] Job completed: prompt_only_prompt_0 gpu=2
[2026-05-22 21:01:18] Launching job=prompt_only_prompt_0 gpu=0 type=prompt_only depends_on=none
[2026-05-22 21:01:18] Job completed: oracle_target_control gpu=3
[2026-05-22 21:01:18] DRY_RUN GPU 0: CUDA_VISIBLE_DEVICES=0 ./run_oracle_experiment.sh --preset prompt_only_oracle --target-prompt-offset 0 --target-prompt-limit 2 --num-oracle-rollouts 1 --oracle-prompts-path prompts/oracle_prompts/default_oracle_prompts.json --oracle-eval-batch-size 128 --oracle-judge-batch-size 64 --judge-instruction-path strongReject_v5.jinja2 --judge-thinking off --wandb on --wandb-run-name parallel_h200_20260522_210118__prompt_only_prompt_0 --set WANDB_GROUP=parallel_h200_20260522_210118 --set WANDB_JOB_TYPE=prompt_only_prompt_0 
[2026-05-22 21:01:18] Launching job=oracle_target_control gpu=1 type=target_control depends_on=none
[2026-05-22 21:01:18] Launching job=prompt_only_prompt_1 gpu=0 type=prompt_only depends_on=none
[2026-05-22 21:01:18] DRY_RUN GPU 1: CUDA_VISIBLE_DEVICES=1 ./run_oracle_experiment.sh --preset oracle_target_control --target-prompt-offset 0 --target-prompt-limit 2 --num-rollouts 1 --target-judge-batch-size 64 --target-thinking off --judge-instruction-path strongReject_v5.jinja2 --judge-thinking off --wandb on --wandb-run-name parallel_h200_20260522_210118__oracle_target_control --set WANDB_GROUP=parallel_h200_20260522_210118 --set WANDB_JOB_TYPE=oracle_target_control 
[2026-05-22 21:01:18] Job completed: prompt_only_prompt_0 gpu=0
[2026-05-22 21:01:18] DRY_RUN GPU 0: CUDA_VISIBLE_DEVICES=0 ./run_oracle_experiment.sh --preset prompt_only_oracle --target-prompt-offset 0 --target-prompt-limit 100 --num-oracle-rollouts 50 --oracle-prompts-path prompts/oracle_prompts/model_answer_min_200_words.json --oracle-eval-batch-size 128 --oracle-judge-batch-size 64 --judge-instruction-path strongReject_v5.jinja2 --judge-thinking off --wandb on --wandb-run-name parallel_h200_20260522_210118__prompt_only_prompt_1 --set WANDB_GROUP=parallel_h200_20260522_210118 --set WANDB_JOB_TYPE=prompt_only_prompt_1 
[2026-05-22 21:01:18] Launching job=deterministic_shard_A_prompt_0 gpu=1 type=deterministic depends_on=target_shard_A
[2026-05-22 21:01:18] Job completed: oracle_target_control gpu=1
[2026-05-22 21:01:18] DRY_RUN GPU 1: CUDA_VISIBLE_DEVICES=1 ./run_oracle_experiment.sh --preset rollout_post_prompt_oracle --target-prompt-offset 0 --target-prompt-limit 50 --num-rollouts 50 --oracle-prompts-path prompts/oracle_prompts/default_oracle_prompts.json --oracle-eval-batch-size 128 --oracle-judge-batch-size 64 --judge-instruction-path strongReject_v5.jinja2 --judge-thinking off --wandb on --wandb-run-name parallel_h200_20260522_210118__deterministic_shard_A_prompt_0 --set WANDB_GROUP=parallel_h200_20260522_210118 --set WANDB_JOB_TYPE=deterministic_shard_A_prompt_0 
[2026-05-22 21:01:18] Launching job=prompt_only_prompt_1 gpu=0 type=prompt_only depends_on=none
[2026-05-22 21:01:18] Launching job=deterministic_shard_B_prompt_0 gpu=2 type=deterministic depends_on=target_shard_B
[2026-05-22 21:01:18] DRY_RUN GPU 0: CUDA_VISIBLE_DEVICES=0 ./run_oracle_experiment.sh --preset prompt_only_oracle --target-prompt-offset 0 --target-prompt-limit 2 --num-oracle-rollouts 1 --oracle-prompts-path prompts/oracle_prompts/model_answer_min_200_words.json --oracle-eval-batch-size 128 --oracle-judge-batch-size 64 --judge-instruction-path strongReject_v5.jinja2 --judge-thinking off --wandb on --wandb-run-name parallel_h200_20260522_210118__prompt_only_prompt_1 --set WANDB_GROUP=parallel_h200_20260522_210118 --set WANDB_JOB_TYPE=prompt_only_prompt_1 
[2026-05-22 21:01:18] DRY_RUN GPU 2: CUDA_VISIBLE_DEVICES=2 ./run_oracle_experiment.sh --preset rollout_post_prompt_oracle --target-prompt-offset 50 --target-prompt-limit 50 --num-rollouts 50 --oracle-prompts-path prompts/oracle_prompts/default_oracle_prompts.json --oracle-eval-batch-size 128 --oracle-judge-batch-size 64 --judge-instruction-path strongReject_v5.jinja2 --judge-thinking off --wandb on --wandb-run-name parallel_h200_20260522_210118__deterministic_shard_B_prompt_0 --set WANDB_GROUP=parallel_h200_20260522_210118 --set WANDB_JOB_TYPE=deterministic_shard_B_prompt_0 
[2026-05-22 21:01:18] Launching job=deterministic_shard_A_prompt_1 gpu=3 type=deterministic depends_on=target_shard_A
[2026-05-22 21:01:18] Launching job=deterministic_shard_A_prompt_0 gpu=1 type=deterministic depends_on=target_shard_A
[2026-05-22 21:01:18] DRY_RUN GPU 3: CUDA_VISIBLE_DEVICES=3 ./run_oracle_experiment.sh --preset rollout_post_prompt_oracle --target-prompt-offset 0 --target-prompt-limit 50 --num-rollouts 50 --oracle-prompts-path prompts/oracle_prompts/model_answer_min_200_words.json --oracle-eval-batch-size 128 --oracle-judge-batch-size 64 --judge-instruction-path strongReject_v5.jinja2 --judge-thinking off --wandb on --wandb-run-name parallel_h200_20260522_210118__deterministic_shard_A_prompt_1 --set WANDB_GROUP=parallel_h200_20260522_210118 --set WANDB_JOB_TYPE=deterministic_shard_A_prompt_1 
[2026-05-22 21:01:18] DRY_RUN GPU 1: CUDA_VISIBLE_DEVICES=1 ./run_oracle_experiment.sh --preset rollout_post_prompt_oracle --target-prompt-offset 0 --target-prompt-limit 1 --num-rollouts 1 --oracle-prompts-path prompts/oracle_prompts/default_oracle_prompts.json --oracle-eval-batch-size 128 --oracle-judge-batch-size 64 --judge-instruction-path strongReject_v5.jinja2 --judge-thinking off --wandb on --wandb-run-name parallel_h200_20260522_210118__deterministic_shard_A_prompt_0 --set WANDB_GROUP=parallel_h200_20260522_210118 --set WANDB_JOB_TYPE=deterministic_shard_A_prompt_0 
[2026-05-22 21:01:19] Job completed: prompt_only_prompt_1 gpu=0
[2026-05-22 21:01:19] Job completed: prompt_only_prompt_1 gpu=0
[2026-05-22 21:01:19] Job completed: deterministic_shard_A_prompt_0 gpu=1
[2026-05-22 21:01:19] Job completed: deterministic_shard_A_prompt_0 gpu=1
[2026-05-22 21:01:19] Job completed: deterministic_shard_B_prompt_0 gpu=2
[2026-05-22 21:01:19] Launching job=deterministic_shard_B_prompt_0 gpu=0 type=deterministic depends_on=target_shard_B
[2026-05-22 21:01:19] Job completed: deterministic_shard_A_prompt_1 gpu=3
[2026-05-22 21:01:19] DRY_RUN GPU 0: CUDA_VISIBLE_DEVICES=0 ./run_oracle_experiment.sh --preset rollout_post_prompt_oracle --target-prompt-offset 1 --target-prompt-limit 1 --num-rollouts 1 --oracle-prompts-path prompts/oracle_prompts/default_oracle_prompts.json --oracle-eval-batch-size 128 --oracle-judge-batch-size 64 --judge-instruction-path strongReject_v5.jinja2 --judge-thinking off --wandb on --wandb-run-name parallel_h200_20260522_210118__deterministic_shard_B_prompt_0 --set WANDB_GROUP=parallel_h200_20260522_210118 --set WANDB_JOB_TYPE=deterministic_shard_B_prompt_0 
[2026-05-22 21:01:19] Launching job=deterministic_shard_A_prompt_1 gpu=1 type=deterministic depends_on=target_shard_A
[2026-05-22 21:01:19] Launching job=deterministic_shard_B_prompt_1 gpu=0 type=deterministic depends_on=target_shard_B
[2026-05-22 21:01:19] DRY_RUN GPU 1: CUDA_VISIBLE_DEVICES=1 ./run_oracle_experiment.sh --preset rollout_post_prompt_oracle --target-prompt-offset 0 --target-prompt-limit 1 --num-rollouts 1 --oracle-prompts-path prompts/oracle_prompts/model_answer_min_200_words.json --oracle-eval-batch-size 128 --oracle-judge-batch-size 64 --judge-instruction-path strongReject_v5.jinja2 --judge-thinking off --wandb on --wandb-run-name parallel_h200_20260522_210118__deterministic_shard_A_prompt_1 --set WANDB_GROUP=parallel_h200_20260522_210118 --set WANDB_JOB_TYPE=deterministic_shard_A_prompt_1 
[2026-05-22 21:01:19] Job completed: target_shard_A gpu=0
[2026-05-22 21:01:19] Job completed: deterministic_shard_B_prompt_0 gpu=0
[2026-05-22 21:01:19] DRY_RUN GPU 0: CUDA_VISIBLE_DEVICES=0 ./run_oracle_experiment.sh --preset rollout_post_prompt_oracle --target-prompt-offset 50 --target-prompt-limit 50 --num-rollouts 50 --oracle-prompts-path prompts/oracle_prompts/model_answer_min_200_words.json --oracle-eval-batch-size 128 --oracle-judge-batch-size 64 --judge-instruction-path strongReject_v5.jinja2 --judge-thinking off --wandb on --wandb-run-name parallel_h200_20260522_210118__deterministic_shard_B_prompt_1 --set WANDB_GROUP=parallel_h200_20260522_210118 --set WANDB_JOB_TYPE=deterministic_shard_B_prompt_1 
[2026-05-22 21:01:19] Launching job=target_shard_B gpu=0 type=target depends_on=none
[2026-05-22 21:01:19] Job completed: deterministic_shard_A_prompt_1 gpu=1
[2026-05-22 21:01:19] DRY_RUN GPU 0: CUDA_VISIBLE_DEVICES=0 ./run_oracle_experiment.sh --preset target_judging_only --target-prompt-offset 1 --target-prompt-limit 1 --num-rollouts 1 --target-judge-batch-size 64 --judge-instruction-path strongReject_v5.jinja2 --judge-thinking off --wandb on --wandb-run-name parallel_h200_20260522_210118__target_shard_B --set WANDB_GROUP=parallel_h200_20260522_210118 --set WANDB_JOB_TYPE=target_shard_B 
[2026-05-22 21:01:19] Launching job=deterministic_shard_B_prompt_1 gpu=0 type=deterministic depends_on=target_shard_B
[2026-05-22 21:01:19] DRY_RUN GPU 0: CUDA_VISIBLE_DEVICES=0 ./run_oracle_experiment.sh --preset rollout_post_prompt_oracle --target-prompt-offset 1 --target-prompt-limit 1 --num-rollouts 1 --oracle-prompts-path prompts/oracle_prompts/model_answer_min_200_words.json --oracle-eval-batch-size 128 --oracle-judge-batch-size 64 --judge-instruction-path strongReject_v5.jinja2 --judge-thinking off --wandb on --wandb-run-name parallel_h200_20260522_210118__deterministic_shard_B_prompt_1 --set WANDB_GROUP=parallel_h200_20260522_210118 --set WANDB_JOB_TYPE=deterministic_shard_B_prompt_1 
[2026-05-22 21:01:19] Job completed: deterministic_shard_B_prompt_1 gpu=0
[2026-05-22 21:01:19] Job completed: target_shard_B gpu=0
[2026-05-22 21:01:19] Summary done: target_shard_A target_shard_B prompt_only_prompt_0 oracle_target_control prompt_only_prompt_1 deterministic_shard_A_prompt_0 deterministic_shard_B_prompt_0 deterministic_shard_A_prompt_1 deterministic_shard_B_prompt_1
[2026-05-22 21:01:19] Summary failed: <none>
[2026-05-22 21:01:19] Launching job=prompt_only_prompt_0 gpu=0 type=prompt_only depends_on=none
[2026-05-22 21:01:19] Summary blocked: <none>
[2026-05-22 21:01:19] DRY_RUN GPU 0: CUDA_VISIBLE_DEVICES=0 ./run_oracle_experiment.sh --preset prompt_only_oracle --target-prompt-offset 0 --target-prompt-limit 2 --num-oracle-rollouts 1 --oracle-prompts-path prompts/oracle_prompts/default_oracle_prompts.json --oracle-eval-batch-size 128 --oracle-judge-batch-size 64 --judge-instruction-path strongReject_v5.jinja2 --judge-thinking off --wandb on --wandb-run-name parallel_h200_20260522_210118__prompt_only_prompt_0 --set WANDB_GROUP=parallel_h200_20260522_210118 --set WANDB_JOB_TYPE=prompt_only_prompt_0 
[2026-05-22 21:01:19] Summary pending: <none>
[2026-05-22 21:01:19] Job completed: deterministic_shard_B_prompt_1 gpu=0
[2026-05-22 21:01:19] Summary running: <none>
[2026-05-22 21:01:19] Summary done: target_shard_A target_shard_B prompt_only_prompt_0 oracle_target_control prompt_only_prompt_1 deterministic_shard_A_prompt_0 deterministic_shard_B_prompt_0 deterministic_shard_A_prompt_1 deterministic_shard_B_prompt_1
[2026-05-22 21:01:19] All parallel H200 jobs completed successfully.
[2026-05-22 21:01:19] Summary failed: <none>
[2026-05-22 21:01:19] Summary blocked: <none>
[2026-05-22 21:01:19] Summary pending: <none>
[2026-05-22 21:01:19] Summary running: <none>
[2026-05-22 21:01:19] All parallel H200 jobs completed successfully.
[2026-05-22 21:01:19] Job completed: prompt_only_prompt_0 gpu=0
[2026-05-22 21:01:19] Launching job=oracle_target_control gpu=0 type=target_control depends_on=none
[2026-05-22 21:01:19] DRY_RUN GPU 0: CUDA_VISIBLE_DEVICES=0 ./run_oracle_experiment.sh --preset oracle_target_control --target-prompt-offset 0 --target-prompt-limit 2 --num-rollouts 1 --target-judge-batch-size 64 --target-thinking off --judge-instruction-path strongReject_v5.jinja2 --judge-thinking off --wandb on --wandb-run-name parallel_h200_20260522_210118__oracle_target_control --set WANDB_GROUP=parallel_h200_20260522_210118 --set WANDB_JOB_TYPE=oracle_target_control 
[2026-05-22 21:01:19] Job completed: oracle_target_control gpu=0
[2026-05-22 21:01:19] Launching job=prompt_only_prompt_1 gpu=0 type=prompt_only depends_on=none
[2026-05-22 21:01:19] DRY_RUN GPU 0: CUDA_VISIBLE_DEVICES=0 ./run_oracle_experiment.sh --preset prompt_only_oracle --target-prompt-offset 0 --target-prompt-limit 2 --num-oracle-rollouts 1 --oracle-prompts-path prompts/oracle_prompts/model_answer_min_200_words.json --oracle-eval-batch-size 128 --oracle-judge-batch-size 64 --judge-instruction-path strongReject_v5.jinja2 --judge-thinking off --wandb on --wandb-run-name parallel_h200_20260522_210118__prompt_only_prompt_1 --set WANDB_GROUP=parallel_h200_20260522_210118 --set WANDB_JOB_TYPE=prompt_only_prompt_1 
[2026-05-22 21:01:19] Job completed: prompt_only_prompt_1 gpu=0
[2026-05-22 21:01:19] Launching job=deterministic_shard_A_prompt_0 gpu=0 type=deterministic depends_on=target_shard_A
[2026-05-22 21:01:19] DRY_RUN GPU 0: CUDA_VISIBLE_DEVICES=0 ./run_oracle_experiment.sh --preset rollout_post_prompt_oracle --target-prompt-offset 0 --target-prompt-limit 1 --num-rollouts 1 --oracle-prompts-path prompts/oracle_prompts/default_oracle_prompts.json --oracle-eval-batch-size 128 --oracle-judge-batch-size 64 --judge-instruction-path strongReject_v5.jinja2 --judge-thinking off --wandb on --wandb-run-name parallel_h200_20260522_210118__deterministic_shard_A_prompt_0 --set WANDB_GROUP=parallel_h200_20260522_210118 --set WANDB_JOB_TYPE=deterministic_shard_A_prompt_0 
[2026-05-22 21:01:19] Job completed: deterministic_shard_A_prompt_0 gpu=0
[2026-05-22 21:01:19] Launching job=deterministic_shard_B_prompt_0 gpu=0 type=deterministic depends_on=target_shard_B
[2026-05-22 21:01:19] DRY_RUN GPU 0: CUDA_VISIBLE_DEVICES=0 ./run_oracle_experiment.sh --preset rollout_post_prompt_oracle --target-prompt-offset 1 --target-prompt-limit 1 --num-rollouts 1 --oracle-prompts-path prompts/oracle_prompts/default_oracle_prompts.json --oracle-eval-batch-size 128 --oracle-judge-batch-size 64 --judge-instruction-path strongReject_v5.jinja2 --judge-thinking off --wandb on --wandb-run-name parallel_h200_20260522_210118__deterministic_shard_B_prompt_0 --set WANDB_GROUP=parallel_h200_20260522_210118 --set WANDB_JOB_TYPE=deterministic_shard_B_prompt_0 
[2026-05-22 21:01:19] Job completed: deterministic_shard_B_prompt_0 gpu=0
[2026-05-22 21:01:19] Launching job=deterministic_shard_A_prompt_1 gpu=0 type=deterministic depends_on=target_shard_A
[2026-05-22 21:01:19] DRY_RUN GPU 0: CUDA_VISIBLE_DEVICES=0 ./run_oracle_experiment.sh --preset rollout_post_prompt_oracle --target-prompt-offset 0 --target-prompt-limit 1 --num-rollouts 1 --oracle-prompts-path prompts/oracle_prompts/model_answer_min_200_words.json --oracle-eval-batch-size 128 --oracle-judge-batch-size 64 --judge-instruction-path strongReject_v5.jinja2 --judge-thinking off --wandb on --wandb-run-name parallel_h200_20260522_210118__deterministic_shard_A_prompt_1 --set WANDB_GROUP=parallel_h200_20260522_210118 --set WANDB_JOB_TYPE=deterministic_shard_A_prompt_1 
[2026-05-22 21:01:19] Job completed: deterministic_shard_A_prompt_1 gpu=0
[2026-05-22 21:01:19] Launching job=deterministic_shard_B_prompt_1 gpu=0 type=deterministic depends_on=target_shard_B
[2026-05-22 21:01:19] DRY_RUN GPU 0: CUDA_VISIBLE_DEVICES=0 ./run_oracle_experiment.sh --preset rollout_post_prompt_oracle --target-prompt-offset 1 --target-prompt-limit 1 --num-rollouts 1 --oracle-prompts-path prompts/oracle_prompts/model_answer_min_200_words.json --oracle-eval-batch-size 128 --oracle-judge-batch-size 64 --judge-instruction-path strongReject_v5.jinja2 --judge-thinking off --wandb on --wandb-run-name parallel_h200_20260522_210118__deterministic_shard_B_prompt_1 --set WANDB_GROUP=parallel_h200_20260522_210118 --set WANDB_JOB_TYPE=deterministic_shard_B_prompt_1 
[2026-05-22 21:01:20] Job completed: deterministic_shard_B_prompt_1 gpu=0
[2026-05-22 21:01:20] Summary done: target_shard_A target_shard_B prompt_only_prompt_0 oracle_target_control prompt_only_prompt_1 deterministic_shard_A_prompt_0 deterministic_shard_B_prompt_0 deterministic_shard_A_prompt_1 deterministic_shard_B_prompt_1
[2026-05-22 21:01:20] Summary failed: <none>
[2026-05-22 21:01:20] Summary blocked: <none>
[2026-05-22 21:01:20] Summary pending: <none>
[2026-05-22 21:01:20] Summary running: <none>
[2026-05-22 21:01:20] All parallel H200 jobs completed successfully.
