[2026-05-23 05:36:45] Parallel H200 run starting. run_label=parallel_h200_20260523_053645 logs=logs/parallel_h200_20260523_053645
[2026-05-23 05:36:45] GPU pool: 0 1 2 3
[2026-05-23 05:36:45] Target shard A offset=0 limit=50
[2026-05-23 05:36:45] Target shard B offset=50 limit=50
[2026-05-23 05:36:45] Full deterministic oracle preset: rollout_post_prompt_oracle
[2026-05-23 05:36:45] Deterministic shard count: 10
[2026-05-23 05:36:45] Oracle prompt paths: prompts/oracle_prompts/default_oracle_prompts.json,prompts/oracle_prompts/model_answer_min_200_words.json
[2026-05-23 05:36:45] Job table:
[2026-05-23 05:36:45]   job=target_shard_A type=target preset=target_judging_only offset=0 limit=50 oracle_prompts_path=none depends_on=none ladder=target_judge
[2026-05-23 05:36:45]   job=target_shard_B type=target preset=target_judging_only offset=50 limit=50 oracle_prompts_path=none depends_on=none ladder=target_judge
[2026-05-23 05:36:45]   job=prompt_only_prompt_0 type=prompt_only preset=prompt_only_oracle offset=0 limit=100 oracle_prompts_path=prompts/oracle_prompts/default_oracle_prompts.json depends_on=none ladder=oracle_eval_judge
[2026-05-23 05:36:45]   job=oracle_target_control type=target_control preset=oracle_target_control offset=0 limit=100 oracle_prompts_path=none depends_on=none ladder=target_judge
[2026-05-23 05:36:45]   job=prompt_only_prompt_1 type=prompt_only preset=prompt_only_oracle offset=0 limit=100 oracle_prompts_path=prompts/oracle_prompts/model_answer_min_200_words.json depends_on=none ladder=oracle_eval_judge
[2026-05-23 05:36:45]   job=deterministic_shard_0_prompt_0 type=deterministic preset=rollout_post_prompt_oracle offset=0 limit=10 oracle_prompts_path=prompts/oracle_prompts/default_oracle_prompts.json depends_on=target_shard_A ladder=oracle_eval_judge
[2026-05-23 05:36:45]   job=deterministic_shard_1_prompt_0 type=deterministic preset=rollout_post_prompt_oracle offset=10 limit=10 oracle_prompts_path=prompts/oracle_prompts/default_oracle_prompts.json depends_on=target_shard_A ladder=oracle_eval_judge
[2026-05-23 05:36:45]   job=deterministic_shard_2_prompt_0 type=deterministic preset=rollout_post_prompt_oracle offset=20 limit=10 oracle_prompts_path=prompts/oracle_prompts/default_oracle_prompts.json depends_on=target_shard_A ladder=oracle_eval_judge
[2026-05-23 05:36:45]   job=deterministic_shard_3_prompt_0 type=deterministic preset=rollout_post_prompt_oracle offset=30 limit=10 oracle_prompts_path=prompts/oracle_prompts/default_oracle_prompts.json depends_on=target_shard_A ladder=oracle_eval_judge
[2026-05-23 05:36:45]   job=deterministic_shard_4_prompt_0 type=deterministic preset=rollout_post_prompt_oracle offset=40 limit=10 oracle_prompts_path=prompts/oracle_prompts/default_oracle_prompts.json depends_on=target_shard_A ladder=oracle_eval_judge
[2026-05-23 05:36:45]   job=deterministic_shard_5_prompt_0 type=deterministic preset=rollout_post_prompt_oracle offset=50 limit=10 oracle_prompts_path=prompts/oracle_prompts/default_oracle_prompts.json depends_on=target_shard_B ladder=oracle_eval_judge
[2026-05-23 05:36:45]   job=deterministic_shard_6_prompt_0 type=deterministic preset=rollout_post_prompt_oracle offset=60 limit=10 oracle_prompts_path=prompts/oracle_prompts/default_oracle_prompts.json depends_on=target_shard_B ladder=oracle_eval_judge
[2026-05-23 05:36:45]   job=deterministic_shard_7_prompt_0 type=deterministic preset=rollout_post_prompt_oracle offset=70 limit=10 oracle_prompts_path=prompts/oracle_prompts/default_oracle_prompts.json depends_on=target_shard_B ladder=oracle_eval_judge
[2026-05-23 05:36:45]   job=deterministic_shard_8_prompt_0 type=deterministic preset=rollout_post_prompt_oracle offset=80 limit=10 oracle_prompts_path=prompts/oracle_prompts/default_oracle_prompts.json depends_on=target_shard_B ladder=oracle_eval_judge
[2026-05-23 05:36:45]   job=deterministic_shard_9_prompt_0 type=deterministic preset=rollout_post_prompt_oracle offset=90 limit=10 oracle_prompts_path=prompts/oracle_prompts/default_oracle_prompts.json depends_on=target_shard_B ladder=oracle_eval_judge
[2026-05-23 05:36:45]   job=deterministic_shard_0_prompt_1 type=deterministic preset=rollout_post_prompt_oracle offset=0 limit=10 oracle_prompts_path=prompts/oracle_prompts/model_answer_min_200_words.json depends_on=target_shard_A ladder=oracle_eval_judge
[2026-05-23 05:36:45]   job=deterministic_shard_1_prompt_1 type=deterministic preset=rollout_post_prompt_oracle offset=10 limit=10 oracle_prompts_path=prompts/oracle_prompts/model_answer_min_200_words.json depends_on=target_shard_A ladder=oracle_eval_judge
[2026-05-23 05:36:45]   job=deterministic_shard_2_prompt_1 type=deterministic preset=rollout_post_prompt_oracle offset=20 limit=10 oracle_prompts_path=prompts/oracle_prompts/model_answer_min_200_words.json depends_on=target_shard_A ladder=oracle_eval_judge
[2026-05-23 05:36:45]   job=deterministic_shard_3_prompt_1 type=deterministic preset=rollout_post_prompt_oracle offset=30 limit=10 oracle_prompts_path=prompts/oracle_prompts/model_answer_min_200_words.json depends_on=target_shard_A ladder=oracle_eval_judge
[2026-05-23 05:36:45]   job=deterministic_shard_4_prompt_1 type=deterministic preset=rollout_post_prompt_oracle offset=40 limit=10 oracle_prompts_path=prompts/oracle_prompts/model_answer_min_200_words.json depends_on=target_shard_A ladder=oracle_eval_judge
[2026-05-23 05:36:45]   job=deterministic_shard_5_prompt_1 type=deterministic preset=rollout_post_prompt_oracle offset=50 limit=10 oracle_prompts_path=prompts/oracle_prompts/model_answer_min_200_words.json depends_on=target_shard_B ladder=oracle_eval_judge
[2026-05-23 05:36:45]   job=deterministic_shard_6_prompt_1 type=deterministic preset=rollout_post_prompt_oracle offset=60 limit=10 oracle_prompts_path=prompts/oracle_prompts/model_answer_min_200_words.json depends_on=target_shard_B ladder=oracle_eval_judge
[2026-05-23 05:36:45]   job=deterministic_shard_7_prompt_1 type=deterministic preset=rollout_post_prompt_oracle offset=70 limit=10 oracle_prompts_path=prompts/oracle_prompts/model_answer_min_200_words.json depends_on=target_shard_B ladder=oracle_eval_judge
[2026-05-23 05:36:45]   job=deterministic_shard_8_prompt_1 type=deterministic preset=rollout_post_prompt_oracle offset=80 limit=10 oracle_prompts_path=prompts/oracle_prompts/model_answer_min_200_words.json depends_on=target_shard_B ladder=oracle_eval_judge
[2026-05-23 05:36:45]   job=deterministic_shard_9_prompt_1 type=deterministic preset=rollout_post_prompt_oracle offset=90 limit=10 oracle_prompts_path=prompts/oracle_prompts/model_answer_min_200_words.json depends_on=target_shard_B ladder=oracle_eval_judge
[2026-05-23 05:36:45] Launching job=target_shard_A gpu=0 type=target depends_on=none
[2026-05-23 05:36:45] Starting GPU 0 attempt: ./run_oracle_experiment.sh --preset target_judging_only --target-prompt-offset 0 --target-prompt-limit 50 --num-rollouts 50 --target-judge-batch-size 64 --judge-instruction-path strongReject_v5.jinja2 --judge-thinking off --wandb on --wandb-run-name parallel_h200_20260523_053645__target_shard_A --set WANDB_GROUP=parallel_h200_20260523_053645 --set WANDB_JOB_TYPE=target_shard_A 
[2026-05-23 05:36:45] Launching job=target_shard_B gpu=1 type=target depends_on=none
[2026-05-23 05:36:45] Attempt log: logs/parallel_h200_20260523_053645/target_shard_A_attempt-1_target-judge-batch-64.log
[2026-05-23 05:36:45] Starting GPU 1 attempt: ./run_oracle_experiment.sh --preset target_judging_only --target-prompt-offset 50 --target-prompt-limit 50 --num-rollouts 50 --target-judge-batch-size 64 --judge-instruction-path strongReject_v5.jinja2 --judge-thinking off --wandb on --wandb-run-name parallel_h200_20260523_053645__target_shard_B --set WANDB_GROUP=parallel_h200_20260523_053645 --set WANDB_JOB_TYPE=target_shard_B 
[2026-05-23 05:36:45] Launching job=prompt_only_prompt_0 gpu=2 type=prompt_only depends_on=none
[2026-05-23 05:36:45] Attempt log: logs/parallel_h200_20260523_053645/target_shard_B_attempt-1_target-judge-batch-64.log
[2026-05-23 05:36:45] Launching job=oracle_target_control gpu=3 type=target_control depends_on=none
[2026-05-23 05:36:45] Starting GPU 2 attempt: ./run_oracle_experiment.sh --preset prompt_only_oracle --target-prompt-offset 0 --target-prompt-limit 100 --num-oracle-rollouts 50 --oracle-prompts-path prompts/oracle_prompts/default_oracle_prompts.json --oracle-eval-batch-size 128 --oracle-judge-batch-size 64 --judge-instruction-path strongReject_v5.jinja2 --judge-thinking off --wandb on --wandb-run-name parallel_h200_20260523_053645__prompt_only_prompt_0 --set WANDB_GROUP=parallel_h200_20260523_053645 --set WANDB_JOB_TYPE=prompt_only_prompt_0 
[2026-05-23 05:36:45] Attempt log: logs/parallel_h200_20260523_053645/prompt_only_prompt_0_attempt-1_oracle-eval-128_oracle-judge-64.log
[2026-05-23 05:36:45] Starting GPU 3 attempt: ./run_oracle_experiment.sh --preset oracle_target_control --target-prompt-offset 0 --target-prompt-limit 100 --num-rollouts 50 --target-judge-batch-size 64 --target-thinking off --judge-instruction-path strongReject_v5.jinja2 --judge-thinking off --wandb on --wandb-run-name parallel_h200_20260523_053645__oracle_target_control --set WANDB_GROUP=parallel_h200_20260523_053645 --set WANDB_JOB_TYPE=oracle_target_control 
[2026-05-23 05:36:45] Attempt log: logs/parallel_h200_20260523_053645/oracle_target_control_attempt-1_target-judge-batch-64.log
[2026-05-23 05:37:35] Finished GPU 0 attempt successfully: target_shard_A_attempt-1_target-judge-batch-64.log
[2026-05-23 05:37:38] Finished GPU 1 attempt successfully: target_shard_B_attempt-1_target-judge-batch-64.log
[2026-05-23 05:37:38] Finished GPU 3 attempt successfully: oracle_target_control_attempt-1_target-judge-batch-64.log
[2026-05-23 05:37:39] Finished GPU 2 attempt successfully: prompt_only_prompt_0_attempt-1_oracle-eval-128_oracle-judge-64.log
[2026-05-23 05:37:40] Job completed: target_shard_A gpu=0
[2026-05-23 05:37:40] Job completed: target_shard_B gpu=1
[2026-05-23 05:37:40] Job completed: prompt_only_prompt_0 gpu=2
[2026-05-23 05:37:40] Job completed: oracle_target_control gpu=3
[2026-05-23 05:37:40] Launching job=prompt_only_prompt_1 gpu=0 type=prompt_only depends_on=none
[2026-05-23 05:37:40] Starting GPU 0 attempt: ./run_oracle_experiment.sh --preset prompt_only_oracle --target-prompt-offset 0 --target-prompt-limit 100 --num-oracle-rollouts 50 --oracle-prompts-path prompts/oracle_prompts/model_answer_min_200_words.json --oracle-eval-batch-size 128 --oracle-judge-batch-size 64 --judge-instruction-path strongReject_v5.jinja2 --judge-thinking off --wandb on --wandb-run-name parallel_h200_20260523_053645__prompt_only_prompt_1 --set WANDB_GROUP=parallel_h200_20260523_053645 --set WANDB_JOB_TYPE=prompt_only_prompt_1 
[2026-05-23 05:37:40] Launching job=deterministic_shard_0_prompt_0 gpu=1 type=deterministic depends_on=target_shard_A
[2026-05-23 05:37:40] Attempt log: logs/parallel_h200_20260523_053645/prompt_only_prompt_1_attempt-1_oracle-eval-128_oracle-judge-64.log
[2026-05-23 05:37:40] Starting GPU 1 attempt: ./run_oracle_experiment.sh --preset rollout_post_prompt_oracle --target-prompt-offset 0 --target-prompt-limit 10 --num-rollouts 50 --oracle-prompts-path prompts/oracle_prompts/default_oracle_prompts.json --oracle-eval-batch-size 128 --oracle-judge-batch-size 64 --judge-instruction-path strongReject_v5.jinja2 --judge-thinking off --wandb on --wandb-run-name parallel_h200_20260523_053645__deterministic_shard_0_prompt_0 --set WANDB_GROUP=parallel_h200_20260523_053645 --set WANDB_JOB_TYPE=deterministic_shard_0_prompt_0 
[2026-05-23 05:37:40] Launching job=deterministic_shard_1_prompt_0 gpu=2 type=deterministic depends_on=target_shard_A
[2026-05-23 05:37:40] Attempt log: logs/parallel_h200_20260523_053645/deterministic_shard_0_prompt_0_attempt-1_oracle-eval-128_oracle-judge-64.log
[2026-05-23 05:37:40] Starting GPU 2 attempt: ./run_oracle_experiment.sh --preset rollout_post_prompt_oracle --target-prompt-offset 10 --target-prompt-limit 10 --num-rollouts 50 --oracle-prompts-path prompts/oracle_prompts/default_oracle_prompts.json --oracle-eval-batch-size 128 --oracle-judge-batch-size 64 --judge-instruction-path strongReject_v5.jinja2 --judge-thinking off --wandb on --wandb-run-name parallel_h200_20260523_053645__deterministic_shard_1_prompt_0 --set WANDB_GROUP=parallel_h200_20260523_053645 --set WANDB_JOB_TYPE=deterministic_shard_1_prompt_0 
[2026-05-23 05:37:40] Launching job=deterministic_shard_2_prompt_0 gpu=3 type=deterministic depends_on=target_shard_A
[2026-05-23 05:37:40] Attempt log: logs/parallel_h200_20260523_053645/deterministic_shard_1_prompt_0_attempt-1_oracle-eval-128_oracle-judge-64.log
[2026-05-23 05:37:40] Starting GPU 3 attempt: ./run_oracle_experiment.sh --preset rollout_post_prompt_oracle --target-prompt-offset 20 --target-prompt-limit 10 --num-rollouts 50 --oracle-prompts-path prompts/oracle_prompts/default_oracle_prompts.json --oracle-eval-batch-size 128 --oracle-judge-batch-size 64 --judge-instruction-path strongReject_v5.jinja2 --judge-thinking off --wandb on --wandb-run-name parallel_h200_20260523_053645__deterministic_shard_2_prompt_0 --set WANDB_GROUP=parallel_h200_20260523_053645 --set WANDB_JOB_TYPE=deterministic_shard_2_prompt_0 
[2026-05-23 05:37:40] Attempt log: logs/parallel_h200_20260523_053645/deterministic_shard_2_prompt_0_attempt-1_oracle-eval-128_oracle-judge-64.log
[2026-05-23 05:38:26] Finished GPU 1 attempt successfully: deterministic_shard_0_prompt_0_attempt-1_oracle-eval-128_oracle-judge-64.log
[2026-05-23 05:38:28] Finished GPU 2 attempt successfully: deterministic_shard_1_prompt_0_attempt-1_oracle-eval-128_oracle-judge-64.log
[2026-05-23 05:38:30] Job completed: deterministic_shard_0_prompt_0 gpu=1
[2026-05-23 05:38:30] Job completed: deterministic_shard_1_prompt_0 gpu=2
[2026-05-23 05:38:30] Finished GPU 0 attempt successfully: prompt_only_prompt_1_attempt-1_oracle-eval-128_oracle-judge-64.log
[2026-05-23 05:38:34] Finished GPU 3 attempt successfully: deterministic_shard_2_prompt_0_attempt-1_oracle-eval-128_oracle-judge-64.log
[2026-05-23 05:38:35] Launching job=deterministic_shard_3_prompt_0 gpu=1 type=deterministic depends_on=target_shard_A
[2026-05-23 05:38:35] Starting GPU 1 attempt: ./run_oracle_experiment.sh --preset rollout_post_prompt_oracle --target-prompt-offset 30 --target-prompt-limit 10 --num-rollouts 50 --oracle-prompts-path prompts/oracle_prompts/default_oracle_prompts.json --oracle-eval-batch-size 128 --oracle-judge-batch-size 64 --judge-instruction-path strongReject_v5.jinja2 --judge-thinking off --wandb on --wandb-run-name parallel_h200_20260523_053645__deterministic_shard_3_prompt_0 --set WANDB_GROUP=parallel_h200_20260523_053645 --set WANDB_JOB_TYPE=deterministic_shard_3_prompt_0 
[2026-05-23 05:38:35] Launching job=deterministic_shard_4_prompt_0 gpu=2 type=deterministic depends_on=target_shard_A
[2026-05-23 05:38:35] Attempt log: logs/parallel_h200_20260523_053645/deterministic_shard_3_prompt_0_attempt-1_oracle-eval-128_oracle-judge-64.log
[2026-05-23 05:38:35] Starting GPU 2 attempt: ./run_oracle_experiment.sh --preset rollout_post_prompt_oracle --target-prompt-offset 40 --target-prompt-limit 10 --num-rollouts 50 --oracle-prompts-path prompts/oracle_prompts/default_oracle_prompts.json --oracle-eval-batch-size 128 --oracle-judge-batch-size 64 --judge-instruction-path strongReject_v5.jinja2 --judge-thinking off --wandb on --wandb-run-name parallel_h200_20260523_053645__deterministic_shard_4_prompt_0 --set WANDB_GROUP=parallel_h200_20260523_053645 --set WANDB_JOB_TYPE=deterministic_shard_4_prompt_0 
[2026-05-23 05:38:35] Job completed: prompt_only_prompt_1 gpu=0
[2026-05-23 05:38:35] Attempt log: logs/parallel_h200_20260523_053645/deterministic_shard_4_prompt_0_attempt-1_oracle-eval-128_oracle-judge-64.log
[2026-05-23 05:38:35] Job completed: deterministic_shard_2_prompt_0 gpu=3
[2026-05-23 05:38:40] Launching job=deterministic_shard_5_prompt_0 gpu=0 type=deterministic depends_on=target_shard_B
[2026-05-23 05:38:40] Starting GPU 0 attempt: ./run_oracle_experiment.sh --preset rollout_post_prompt_oracle --target-prompt-offset 50 --target-prompt-limit 10 --num-rollouts 50 --oracle-prompts-path prompts/oracle_prompts/default_oracle_prompts.json --oracle-eval-batch-size 128 --oracle-judge-batch-size 64 --judge-instruction-path strongReject_v5.jinja2 --judge-thinking off --wandb on --wandb-run-name parallel_h200_20260523_053645__deterministic_shard_5_prompt_0 --set WANDB_GROUP=parallel_h200_20260523_053645 --set WANDB_JOB_TYPE=deterministic_shard_5_prompt_0 
[2026-05-23 05:38:40] Launching job=deterministic_shard_6_prompt_0 gpu=3 type=deterministic depends_on=target_shard_B
[2026-05-23 05:38:40] Attempt log: logs/parallel_h200_20260523_053645/deterministic_shard_5_prompt_0_attempt-1_oracle-eval-128_oracle-judge-64.log
[2026-05-23 05:38:40] Starting GPU 3 attempt: ./run_oracle_experiment.sh --preset rollout_post_prompt_oracle --target-prompt-offset 60 --target-prompt-limit 10 --num-rollouts 50 --oracle-prompts-path prompts/oracle_prompts/default_oracle_prompts.json --oracle-eval-batch-size 128 --oracle-judge-batch-size 64 --judge-instruction-path strongReject_v5.jinja2 --judge-thinking off --wandb on --wandb-run-name parallel_h200_20260523_053645__deterministic_shard_6_prompt_0 --set WANDB_GROUP=parallel_h200_20260523_053645 --set WANDB_JOB_TYPE=deterministic_shard_6_prompt_0 
[2026-05-23 05:38:40] Attempt log: logs/parallel_h200_20260523_053645/deterministic_shard_6_prompt_0_attempt-1_oracle-eval-128_oracle-judge-64.log
[2026-05-23 05:39:02] Finished GPU 2 attempt successfully: deterministic_shard_4_prompt_0_attempt-1_oracle-eval-128_oracle-judge-64.log
[2026-05-23 05:39:03] Finished GPU 1 attempt successfully: deterministic_shard_3_prompt_0_attempt-1_oracle-eval-128_oracle-judge-64.log
[2026-05-23 05:39:05] Job completed: deterministic_shard_3_prompt_0 gpu=1
[2026-05-23 05:39:05] Job completed: deterministic_shard_4_prompt_0 gpu=2
[2026-05-23 05:39:07] Finished GPU 0 attempt successfully: deterministic_shard_5_prompt_0_attempt-1_oracle-eval-128_oracle-judge-64.log
[2026-05-23 05:39:08] Finished GPU 3 attempt successfully: deterministic_shard_6_prompt_0_attempt-1_oracle-eval-128_oracle-judge-64.log
[2026-05-23 05:39:10] Launching job=deterministic_shard_7_prompt_0 gpu=1 type=deterministic depends_on=target_shard_B
[2026-05-23 05:39:10] Starting GPU 1 attempt: ./run_oracle_experiment.sh --preset rollout_post_prompt_oracle --target-prompt-offset 70 --target-prompt-limit 10 --num-rollouts 50 --oracle-prompts-path prompts/oracle_prompts/default_oracle_prompts.json --oracle-eval-batch-size 128 --oracle-judge-batch-size 64 --judge-instruction-path strongReject_v5.jinja2 --judge-thinking off --wandb on --wandb-run-name parallel_h200_20260523_053645__deterministic_shard_7_prompt_0 --set WANDB_GROUP=parallel_h200_20260523_053645 --set WANDB_JOB_TYPE=deterministic_shard_7_prompt_0 
[2026-05-23 05:39:10] Launching job=deterministic_shard_8_prompt_0 gpu=2 type=deterministic depends_on=target_shard_B
[2026-05-23 05:39:10] Attempt log: logs/parallel_h200_20260523_053645/deterministic_shard_7_prompt_0_attempt-1_oracle-eval-128_oracle-judge-64.log
[2026-05-23 05:39:10] Starting GPU 2 attempt: ./run_oracle_experiment.sh --preset rollout_post_prompt_oracle --target-prompt-offset 80 --target-prompt-limit 10 --num-rollouts 50 --oracle-prompts-path prompts/oracle_prompts/default_oracle_prompts.json --oracle-eval-batch-size 128 --oracle-judge-batch-size 64 --judge-instruction-path strongReject_v5.jinja2 --judge-thinking off --wandb on --wandb-run-name parallel_h200_20260523_053645__deterministic_shard_8_prompt_0 --set WANDB_GROUP=parallel_h200_20260523_053645 --set WANDB_JOB_TYPE=deterministic_shard_8_prompt_0 
[2026-05-23 05:39:10] Job completed: deterministic_shard_5_prompt_0 gpu=0
[2026-05-23 05:39:10] Attempt log: logs/parallel_h200_20260523_053645/deterministic_shard_8_prompt_0_attempt-1_oracle-eval-128_oracle-judge-64.log
[2026-05-23 05:39:10] Job completed: deterministic_shard_6_prompt_0 gpu=3
[2026-05-23 05:39:15] Launching job=deterministic_shard_9_prompt_0 gpu=0 type=deterministic depends_on=target_shard_B
[2026-05-23 05:39:15] Starting GPU 0 attempt: ./run_oracle_experiment.sh --preset rollout_post_prompt_oracle --target-prompt-offset 90 --target-prompt-limit 10 --num-rollouts 50 --oracle-prompts-path prompts/oracle_prompts/default_oracle_prompts.json --oracle-eval-batch-size 128 --oracle-judge-batch-size 64 --judge-instruction-path strongReject_v5.jinja2 --judge-thinking off --wandb on --wandb-run-name parallel_h200_20260523_053645__deterministic_shard_9_prompt_0 --set WANDB_GROUP=parallel_h200_20260523_053645 --set WANDB_JOB_TYPE=deterministic_shard_9_prompt_0 
[2026-05-23 05:39:15] Launching job=deterministic_shard_0_prompt_1 gpu=3 type=deterministic depends_on=target_shard_A
[2026-05-23 05:39:15] Attempt log: logs/parallel_h200_20260523_053645/deterministic_shard_9_prompt_0_attempt-1_oracle-eval-128_oracle-judge-64.log
[2026-05-23 05:39:15] Starting GPU 3 attempt: ./run_oracle_experiment.sh --preset rollout_post_prompt_oracle --target-prompt-offset 0 --target-prompt-limit 10 --num-rollouts 50 --oracle-prompts-path prompts/oracle_prompts/model_answer_min_200_words.json --oracle-eval-batch-size 128 --oracle-judge-batch-size 64 --judge-instruction-path strongReject_v5.jinja2 --judge-thinking off --wandb on --wandb-run-name parallel_h200_20260523_053645__deterministic_shard_0_prompt_1 --set WANDB_GROUP=parallel_h200_20260523_053645 --set WANDB_JOB_TYPE=deterministic_shard_0_prompt_1 
[2026-05-23 05:39:15] Attempt log: logs/parallel_h200_20260523_053645/deterministic_shard_0_prompt_1_attempt-1_oracle-eval-128_oracle-judge-64.log
[2026-05-23 05:39:35] Finished GPU 2 attempt successfully: deterministic_shard_8_prompt_0_attempt-1_oracle-eval-128_oracle-judge-64.log
[2026-05-23 05:39:35] Job completed: deterministic_shard_8_prompt_0 gpu=2
[2026-05-23 05:39:36] Finished GPU 1 attempt successfully: deterministic_shard_7_prompt_0_attempt-1_oracle-eval-128_oracle-judge-64.log
[2026-05-23 05:39:40] Launching job=deterministic_shard_1_prompt_1 gpu=2 type=deterministic depends_on=target_shard_A
[2026-05-23 05:39:40] Starting GPU 2 attempt: ./run_oracle_experiment.sh --preset rollout_post_prompt_oracle --target-prompt-offset 10 --target-prompt-limit 10 --num-rollouts 50 --oracle-prompts-path prompts/oracle_prompts/model_answer_min_200_words.json --oracle-eval-batch-size 128 --oracle-judge-batch-size 64 --judge-instruction-path strongReject_v5.jinja2 --judge-thinking off --wandb on --wandb-run-name parallel_h200_20260523_053645__deterministic_shard_1_prompt_1 --set WANDB_GROUP=parallel_h200_20260523_053645 --set WANDB_JOB_TYPE=deterministic_shard_1_prompt_1 
[2026-05-23 05:39:40] Job completed: deterministic_shard_7_prompt_0 gpu=1
[2026-05-23 05:39:40] Attempt log: logs/parallel_h200_20260523_053645/deterministic_shard_1_prompt_1_attempt-1_oracle-eval-128_oracle-judge-64.log
[2026-05-23 05:39:43] Finished GPU 0 attempt successfully: deterministic_shard_9_prompt_0_attempt-1_oracle-eval-128_oracle-judge-64.log
[2026-05-23 05:39:44] Finished GPU 3 attempt successfully: deterministic_shard_0_prompt_1_attempt-1_oracle-eval-128_oracle-judge-64.log
[2026-05-23 05:39:45] Launching job=deterministic_shard_2_prompt_1 gpu=1 type=deterministic depends_on=target_shard_A
[2026-05-23 05:39:45] Starting GPU 1 attempt: ./run_oracle_experiment.sh --preset rollout_post_prompt_oracle --target-prompt-offset 20 --target-prompt-limit 10 --num-rollouts 50 --oracle-prompts-path prompts/oracle_prompts/model_answer_min_200_words.json --oracle-eval-batch-size 128 --oracle-judge-batch-size 64 --judge-instruction-path strongReject_v5.jinja2 --judge-thinking off --wandb on --wandb-run-name parallel_h200_20260523_053645__deterministic_shard_2_prompt_1 --set WANDB_GROUP=parallel_h200_20260523_053645 --set WANDB_JOB_TYPE=deterministic_shard_2_prompt_1 
[2026-05-23 05:39:45] Attempt log: logs/parallel_h200_20260523_053645/deterministic_shard_2_prompt_1_attempt-1_oracle-eval-128_oracle-judge-64.log
[2026-05-23 05:39:45] Job completed: deterministic_shard_9_prompt_0 gpu=0
[2026-05-23 05:39:45] Job completed: deterministic_shard_0_prompt_1 gpu=3
[2026-05-23 05:39:51] Launching job=deterministic_shard_3_prompt_1 gpu=0 type=deterministic depends_on=target_shard_A
[2026-05-23 05:39:51] Starting GPU 0 attempt: ./run_oracle_experiment.sh --preset rollout_post_prompt_oracle --target-prompt-offset 30 --target-prompt-limit 10 --num-rollouts 50 --oracle-prompts-path prompts/oracle_prompts/model_answer_min_200_words.json --oracle-eval-batch-size 128 --oracle-judge-batch-size 64 --judge-instruction-path strongReject_v5.jinja2 --judge-thinking off --wandb on --wandb-run-name parallel_h200_20260523_053645__deterministic_shard_3_prompt_1 --set WANDB_GROUP=parallel_h200_20260523_053645 --set WANDB_JOB_TYPE=deterministic_shard_3_prompt_1 
[2026-05-23 05:39:51] Launching job=deterministic_shard_4_prompt_1 gpu=3 type=deterministic depends_on=target_shard_A
[2026-05-23 05:39:51] Attempt log: logs/parallel_h200_20260523_053645/deterministic_shard_3_prompt_1_attempt-1_oracle-eval-128_oracle-judge-64.log
[2026-05-23 05:39:51] Starting GPU 3 attempt: ./run_oracle_experiment.sh --preset rollout_post_prompt_oracle --target-prompt-offset 40 --target-prompt-limit 10 --num-rollouts 50 --oracle-prompts-path prompts/oracle_prompts/model_answer_min_200_words.json --oracle-eval-batch-size 128 --oracle-judge-batch-size 64 --judge-instruction-path strongReject_v5.jinja2 --judge-thinking off --wandb on --wandb-run-name parallel_h200_20260523_053645__deterministic_shard_4_prompt_1 --set WANDB_GROUP=parallel_h200_20260523_053645 --set WANDB_JOB_TYPE=deterministic_shard_4_prompt_1 
[2026-05-23 05:39:51] Attempt log: logs/parallel_h200_20260523_053645/deterministic_shard_4_prompt_1_attempt-1_oracle-eval-128_oracle-judge-64.log
[2026-05-23 05:45:55] Finished GPU 2 attempt successfully: deterministic_shard_1_prompt_1_attempt-1_oracle-eval-128_oracle-judge-64.log
[2026-05-23 05:45:56] Job completed: deterministic_shard_1_prompt_1 gpu=2
[2026-05-23 05:46:01] Launching job=deterministic_shard_5_prompt_1 gpu=2 type=deterministic depends_on=target_shard_B
[2026-05-23 05:46:01] Starting GPU 2 attempt: ./run_oracle_experiment.sh --preset rollout_post_prompt_oracle --target-prompt-offset 50 --target-prompt-limit 10 --num-rollouts 50 --oracle-prompts-path prompts/oracle_prompts/model_answer_min_200_words.json --oracle-eval-batch-size 128 --oracle-judge-batch-size 64 --judge-instruction-path strongReject_v5.jinja2 --judge-thinking off --wandb on --wandb-run-name parallel_h200_20260523_053645__deterministic_shard_5_prompt_1 --set WANDB_GROUP=parallel_h200_20260523_053645 --set WANDB_JOB_TYPE=deterministic_shard_5_prompt_1 
[2026-05-23 05:46:01] Attempt log: logs/parallel_h200_20260523_053645/deterministic_shard_5_prompt_1_attempt-1_oracle-eval-128_oracle-judge-64.log
[2026-05-23 05:46:22] Finished GPU 2 attempt successfully: deterministic_shard_5_prompt_1_attempt-1_oracle-eval-128_oracle-judge-64.log
[2026-05-23 05:46:26] Job completed: deterministic_shard_5_prompt_1 gpu=2
[2026-05-23 05:46:31] Launching job=deterministic_shard_6_prompt_1 gpu=2 type=deterministic depends_on=target_shard_B
[2026-05-23 05:46:31] Starting GPU 2 attempt: ./run_oracle_experiment.sh --preset rollout_post_prompt_oracle --target-prompt-offset 60 --target-prompt-limit 10 --num-rollouts 50 --oracle-prompts-path prompts/oracle_prompts/model_answer_min_200_words.json --oracle-eval-batch-size 128 --oracle-judge-batch-size 64 --judge-instruction-path strongReject_v5.jinja2 --judge-thinking off --wandb on --wandb-run-name parallel_h200_20260523_053645__deterministic_shard_6_prompt_1 --set WANDB_GROUP=parallel_h200_20260523_053645 --set WANDB_JOB_TYPE=deterministic_shard_6_prompt_1 
[2026-05-23 05:46:31] Attempt log: logs/parallel_h200_20260523_053645/deterministic_shard_6_prompt_1_attempt-1_oracle-eval-128_oracle-judge-64.log
[2026-05-23 05:46:54] Finished GPU 2 attempt successfully: deterministic_shard_6_prompt_1_attempt-1_oracle-eval-128_oracle-judge-64.log
[2026-05-23 05:46:56] Job completed: deterministic_shard_6_prompt_1 gpu=2
[2026-05-23 05:47:01] Launching job=deterministic_shard_7_prompt_1 gpu=2 type=deterministic depends_on=target_shard_B
[2026-05-23 05:47:01] Starting GPU 2 attempt: ./run_oracle_experiment.sh --preset rollout_post_prompt_oracle --target-prompt-offset 70 --target-prompt-limit 10 --num-rollouts 50 --oracle-prompts-path prompts/oracle_prompts/model_answer_min_200_words.json --oracle-eval-batch-size 128 --oracle-judge-batch-size 64 --judge-instruction-path strongReject_v5.jinja2 --judge-thinking off --wandb on --wandb-run-name parallel_h200_20260523_053645__deterministic_shard_7_prompt_1 --set WANDB_GROUP=parallel_h200_20260523_053645 --set WANDB_JOB_TYPE=deterministic_shard_7_prompt_1 
[2026-05-23 05:47:01] Attempt log: logs/parallel_h200_20260523_053645/deterministic_shard_7_prompt_1_attempt-1_oracle-eval-128_oracle-judge-64.log
[2026-05-23 05:47:20] Finished GPU 2 attempt successfully: deterministic_shard_7_prompt_1_attempt-1_oracle-eval-128_oracle-judge-64.log
[2026-05-23 05:47:21] Job completed: deterministic_shard_7_prompt_1 gpu=2
[2026-05-23 05:47:26] Launching job=deterministic_shard_8_prompt_1 gpu=2 type=deterministic depends_on=target_shard_B
[2026-05-23 05:47:26] Starting GPU 2 attempt: ./run_oracle_experiment.sh --preset rollout_post_prompt_oracle --target-prompt-offset 80 --target-prompt-limit 10 --num-rollouts 50 --oracle-prompts-path prompts/oracle_prompts/model_answer_min_200_words.json --oracle-eval-batch-size 128 --oracle-judge-batch-size 64 --judge-instruction-path strongReject_v5.jinja2 --judge-thinking off --wandb on --wandb-run-name parallel_h200_20260523_053645__deterministic_shard_8_prompt_1 --set WANDB_GROUP=parallel_h200_20260523_053645 --set WANDB_JOB_TYPE=deterministic_shard_8_prompt_1 
[2026-05-23 05:47:26] Attempt log: logs/parallel_h200_20260523_053645/deterministic_shard_8_prompt_1_attempt-1_oracle-eval-128_oracle-judge-64.log
[2026-05-23 05:47:46] Finished GPU 2 attempt successfully: deterministic_shard_8_prompt_1_attempt-1_oracle-eval-128_oracle-judge-64.log
[2026-05-23 05:47:51] Job completed: deterministic_shard_8_prompt_1 gpu=2
[2026-05-23 05:47:56] Launching job=deterministic_shard_9_prompt_1 gpu=2 type=deterministic depends_on=target_shard_B
[2026-05-23 05:47:56] Starting GPU 2 attempt: ./run_oracle_experiment.sh --preset rollout_post_prompt_oracle --target-prompt-offset 90 --target-prompt-limit 10 --num-rollouts 50 --oracle-prompts-path prompts/oracle_prompts/model_answer_min_200_words.json --oracle-eval-batch-size 128 --oracle-judge-batch-size 64 --judge-instruction-path strongReject_v5.jinja2 --judge-thinking off --wandb on --wandb-run-name parallel_h200_20260523_053645__deterministic_shard_9_prompt_1 --set WANDB_GROUP=parallel_h200_20260523_053645 --set WANDB_JOB_TYPE=deterministic_shard_9_prompt_1 
[2026-05-23 05:47:56] Attempt log: logs/parallel_h200_20260523_053645/deterministic_shard_9_prompt_1_attempt-1_oracle-eval-128_oracle-judge-64.log
[2026-05-23 06:33:29] Finished GPU 2 attempt successfully: deterministic_shard_9_prompt_1_attempt-1_oracle-eval-128_oracle-judge-64.log
[2026-05-23 06:33:30] Job completed: deterministic_shard_9_prompt_1 gpu=2
[2026-05-23 06:35:28] Finished GPU 3 attempt successfully: deterministic_shard_4_prompt_1_attempt-1_oracle-eval-128_oracle-judge-64.log
[2026-05-23 06:35:31] Job completed: deterministic_shard_4_prompt_1 gpu=3
[2026-05-23 06:37:47] Finished GPU 1 attempt successfully: deterministic_shard_2_prompt_1_attempt-1_oracle-eval-128_oracle-judge-64.log
[2026-05-23 06:37:51] Job completed: deterministic_shard_2_prompt_1 gpu=1
[2026-05-23 06:41:13] Finished GPU 0 attempt successfully: deterministic_shard_3_prompt_1_attempt-1_oracle-eval-128_oracle-judge-64.log
[2026-05-23 06:41:16] Job completed: deterministic_shard_3_prompt_1 gpu=0
[2026-05-23 06:41:16] Summary done: target_shard_A target_shard_B prompt_only_prompt_0 oracle_target_control prompt_only_prompt_1 deterministic_shard_0_prompt_0 deterministic_shard_1_prompt_0 deterministic_shard_2_prompt_0 deterministic_shard_3_prompt_0 deterministic_shard_4_prompt_0 deterministic_shard_5_prompt_0 deterministic_shard_6_prompt_0 deterministic_shard_7_prompt_0 deterministic_shard_8_prompt_0 deterministic_shard_9_prompt_0 deterministic_shard_0_prompt_1 deterministic_shard_1_prompt_1 deterministic_shard_2_prompt_1 deterministic_shard_3_prompt_1 deterministic_shard_4_prompt_1 deterministic_shard_5_prompt_1 deterministic_shard_6_prompt_1 deterministic_shard_7_prompt_1 deterministic_shard_8_prompt_1 deterministic_shard_9_prompt_1
[2026-05-23 06:41:16] Summary failed: <none>
[2026-05-23 06:41:16] Summary blocked: <none>
[2026-05-23 06:41:16] Summary pending: <none>
[2026-05-23 06:41:16] Summary running: <none>
[2026-05-23 06:41:16] All parallel H200 jobs completed successfully.
