[2026-05-22 20:20:08] Parallel H200 run starting. run_label=parallel_h200_20260522_202008 logs=logs/parallel_h200_20260522_202008
[2026-05-22 20:20:08] Shard A offset=0 limit=50 on GPU 0
[2026-05-22 20:20:08] Shard B offset=50 limit=50 on GPU 3
[2026-05-22 20:20:08] Prompt-only oracle prompts on GPU 1
[2026-05-22 20:20:08] Oracle target control once on GPU 2
[2026-05-22 20:20:08] Full deterministic oracle preset: rollout_post_prompt_oracle
[2026-05-22 20:20:08] Oracle prompt paths: prompts/oracle_prompts/default_oracle_prompts.json,prompts/oracle_prompts/model_answer_min_200_words.json
[2026-05-22 20:20:08] Deterministic work queue: shard=A prompt_index=0 path=prompts/oracle_prompts/default_oracle_prompts.json
[2026-05-22 20:20:08] Deterministic work queue: shard=B prompt_index=0 path=prompts/oracle_prompts/default_oracle_prompts.json
[2026-05-22 20:20:08] Deterministic work queue: shard=A prompt_index=1 path=prompts/oracle_prompts/model_answer_min_200_words.json
[2026-05-22 20:20:08] Deterministic work queue: shard=B prompt_index=1 path=prompts/oracle_prompts/model_answer_min_200_words.json
[2026-05-22 20:20:08] DRY_RUN GPU 3: CUDA_VISIBLE_DEVICES=3 ./run_oracle_experiment.sh --preset target_judging_only --target-prompt-offset 50 --target-prompt-limit 50 --num-rollouts 50 --target-judge-batch-size 64 --judge-instruction-path strongReject_v5.jinja2 --judge-thinking off --wandb on --wandb-run-name parallel_h200_20260522_202008__gpu3_target_judging_shard_B --set WANDB_GROUP=parallel_h200_20260522_202008 --set WANDB_JOB_TYPE=gpu3_target_judging_shard_B 
[2026-05-22 20:20:08] DRY_RUN GPU 2: CUDA_VISIBLE_DEVICES=2 ./run_oracle_experiment.sh --preset oracle_target_control --target-prompt-offset 0 --target-prompt-limit 100 --num-rollouts 50 --target-judge-batch-size 64 --target-thinking off --judge-instruction-path strongReject_v5.jinja2 --judge-thinking off --wandb on --wandb-run-name parallel_h200_20260522_202008__gpu2_oracle_target_control --set WANDB_GROUP=parallel_h200_20260522_202008 --set WANDB_JOB_TYPE=gpu2_oracle_target_control 
[2026-05-22 20:20:08] DRY_RUN GPU 0: CUDA_VISIBLE_DEVICES=0 ./run_oracle_experiment.sh --preset target_judging_only --target-prompt-offset 0 --target-prompt-limit 50 --num-rollouts 50 --target-judge-batch-size 64 --judge-instruction-path strongReject_v5.jinja2 --judge-thinking off --wandb on --wandb-run-name parallel_h200_20260522_202008__gpu0_target_judging_shard_A --set WANDB_GROUP=parallel_h200_20260522_202008 --set WANDB_JOB_TYPE=gpu0_target_judging_shard_A 
[2026-05-22 20:20:08] DRY_RUN GPU 1: CUDA_VISIBLE_DEVICES=1 ./run_oracle_experiment.sh --preset prompt_only_oracle --target-prompt-offset 0 --target-prompt-limit 100 --num-oracle-rollouts 50 --oracle-prompts-path prompts/oracle_prompts/default_oracle_prompts.json --oracle-eval-batch-size 128 --oracle-judge-batch-size 64 --judge-instruction-path strongReject_v5.jinja2 --judge-thinking off --wandb on --wandb-run-name parallel_h200_20260522_202008__gpu1_prompt_only_prompt_0 --set WANDB_GROUP=parallel_h200_20260522_202008 --set WANDB_JOB_TYPE=gpu1_prompt_only_prompt_0 
[2026-05-22 20:20:08] Waiting for target shard B: logs/parallel_h200_20260522_202008/shard_B_target_ready
[2026-05-22 20:20:08] DRY_RUN GPU 1: CUDA_VISIBLE_DEVICES=1 ./run_oracle_experiment.sh --preset prompt_only_oracle --target-prompt-offset 0 --target-prompt-limit 100 --num-oracle-rollouts 50 --oracle-prompts-path prompts/oracle_prompts/model_answer_min_200_words.json --oracle-eval-batch-size 128 --oracle-judge-batch-size 64 --judge-instruction-path strongReject_v5.jinja2 --judge-thinking off --wandb on --wandb-run-name parallel_h200_20260522_202008__gpu1_prompt_only_prompt_1 --set WANDB_GROUP=parallel_h200_20260522_202008 --set WANDB_JOB_TYPE=gpu1_prompt_only_prompt_1 
[2026-05-22 20:20:08] DRY_RUN GPU 3: CUDA_VISIBLE_DEVICES=3 ./run_oracle_experiment.sh --preset rollout_post_prompt_oracle --target-prompt-offset 50 --target-prompt-limit 50 --num-rollouts 50 --oracle-prompts-path prompts/oracle_prompts/default_oracle_prompts.json --oracle-eval-batch-size 128 --oracle-judge-batch-size 64 --judge-instruction-path strongReject_v5.jinja2 --judge-thinking off --wandb on --wandb-run-name parallel_h200_20260522_202008__gpu3_full_deterministic_shard_B_prompt_0 --set WANDB_GROUP=parallel_h200_20260522_202008 --set WANDB_JOB_TYPE=gpu3_full_deterministic_shard_B_prompt_0 
[2026-05-22 20:20:08] DRY_RUN GPU 0: CUDA_VISIBLE_DEVICES=0 ./run_oracle_experiment.sh --preset rollout_post_prompt_oracle --target-prompt-offset 0 --target-prompt-limit 50 --num-rollouts 50 --oracle-prompts-path prompts/oracle_prompts/default_oracle_prompts.json --oracle-eval-batch-size 128 --oracle-judge-batch-size 64 --judge-instruction-path strongReject_v5.jinja2 --judge-thinking off --wandb on --wandb-run-name parallel_h200_20260522_202008__gpu0_full_deterministic_shard_A_prompt_0 --set WANDB_GROUP=parallel_h200_20260522_202008 --set WANDB_JOB_TYPE=gpu0_full_deterministic_shard_A_prompt_0 
[2026-05-22 20:20:08] DRY_RUN GPU 1: CUDA_VISIBLE_DEVICES=1 ./run_oracle_experiment.sh --preset rollout_post_prompt_oracle --target-prompt-offset 0 --target-prompt-limit 50 --num-rollouts 50 --oracle-prompts-path prompts/oracle_prompts/model_answer_min_200_words.json --oracle-eval-batch-size 128 --oracle-judge-batch-size 64 --judge-instruction-path strongReject_v5.jinja2 --judge-thinking off --wandb on --wandb-run-name parallel_h200_20260522_202008__gpu1_full_deterministic_shard_A_prompt_1 --set WANDB_GROUP=parallel_h200_20260522_202008 --set WANDB_JOB_TYPE=gpu1_full_deterministic_shard_A_prompt_1 
[2026-05-22 20:20:08] Sequence completed: target/default deterministic shard A
[2026-05-22 20:20:08] Sequence completed: target/default deterministic shard B
[2026-05-22 20:20:08] Sequence completed: prompt-only plus remaining deterministic shard A
[2026-05-22 20:20:09] DRY_RUN GPU 2: CUDA_VISIBLE_DEVICES=2 ./run_oracle_experiment.sh --preset rollout_post_prompt_oracle --target-prompt-offset 50 --target-prompt-limit 50 --num-rollouts 50 --oracle-prompts-path prompts/oracle_prompts/model_answer_min_200_words.json --oracle-eval-batch-size 128 --oracle-judge-batch-size 64 --judge-instruction-path strongReject_v5.jinja2 --judge-thinking off --wandb on --wandb-run-name parallel_h200_20260522_202008__gpu2_full_deterministic_shard_B_prompt_1 --set WANDB_GROUP=parallel_h200_20260522_202008 --set WANDB_JOB_TYPE=gpu2_full_deterministic_shard_B_prompt_1 
[2026-05-22 20:20:09] Sequence completed: oracle-target-control plus remaining deterministic shard B
[2026-05-22 20:20:09] All parallel H200 sequences completed successfully.
